<?xml version="1.0" encoding="utf-8"?><testsuites><testsuite name="pytest" errors="0" failures="0" skipped="0" tests="62" time="0.116" timestamp="2026-04-03T20:23:56.607221" hostname="4f2e33e2c568"><testcase classname="Lab6_Github_Actions.test.test_pytest" name="test_add_positive" time="0.001" /><testcase classname="Lab6_Github_Actions.test.test_pytest" name="test_add_zeros" time="0.000" /><testcase classname="Lab6_Github_Actions.test.test_pytest" name="test_add_one_zero" time="0.000" /><testcase classname="Lab6_Github_Actions.test.test_pytest" name="test_add_negatives" time="0.000" /><testcase classname="Lab6_Github_Actions.test.test_pytest" name="test_add_mixed_sign" time="0.000" /><testcase classname="Lab6_Github_Actions.test.test_pytest" name="test_add_floats" time="0.001" /><testcase classname="Lab6_Github_Actions.test.test_pytest" name="test_add_large_numbers" time="0.000" /><testcase classname="Lab6_Github_Actions.test.test_pytest" name="test_subtract_positive" time="0.000" /><testcase classname="Lab6_Github_Actions.test.test_pytest" name="test_subtract_zeros" time="0.000" /><testcase classname="Lab6_Github_Actions.test.test_pytest" name="test_subtract_result_negative" time="0.000" /><testcase classname="Lab6_Github_Actions.test.test_pytest" name="test_subtract_negatives" time="0.000" /><testcase classname="Lab6_Github_Actions.test.test_pytest" name="test_subtract_floats" time="0.000" /><testcase classname="Lab6_Github_Actions.test.test_pytest" name="test_subtract_same_value" time="0.000" /><testcase classname="Lab6_Github_Actions.test.test_pytest" name="test_multiply_positive" time="0.000" /><testcase classname="Lab6_Github_Actions.test.test_pytest" name="test_multiply_zero" time="0.000" /><testcase classname="Lab6_Github_Actions.test.test_pytest" name="test_multiply_both_zeros" time="0.000" /><testcase classname="Lab6_Github_Actions.test.test_pytest" name="test_multiply_negatives" time="0.000" /><testcase classname="Lab6_Github_Actions.test.test_pytest" name="test_multiply_mixed_sign" time="0.000" /><testcase classname="Lab6_Github_Actions.test.test_pytest" name="test_multiply_floats" time="0.000" /><testcase classname="Lab6_Github_Actions.test.test_pytest" name="test_multiply_by_one" time="0.001" /><testcase classname="Lab6_Github_Actions.test.test_pytest" name="test_combined_positive" time="0.000" /><testcase classname="Lab6_Github_Actions.test.test_pytest" name="test_combined_zeros" time="0.000" /><testcase classname="Lab6_Github_Actions.test.test_pytest" name="test_combined_negatives" time="0.000" /><testcase classname="Lab6_Github_Actions.test.test_pytest" name="test_combined_floats" time="0.000" /><testcase classname="Lab6_Github_Actions.test.test_pytest" name="test_divide_positive" time="0.000" /><testcase classname="Lab6_Github_Actions.test.test_pytest" name="test_divide_floats" time="0.000" /><testcase classname="Lab6_Github_Actions.test.test_pytest" name="test_divide_negative_numerator" time="0.000" /><testcase classname="Lab6_Github_Actions.test.test_pytest" name="test_divide_negative_denominator" time="0.000" /><testcase classname="Lab6_Github_Actions.test.test_pytest" name="test_divide_both_negatives" time="0.000" /><testcase classname="Lab6_Github_Actions.test.test_pytest" name="test_divide_by_zero" time="0.001" /><testcase classname="Lab6_Github_Actions.test.test_pytest" name="test_divide_zero_numerator" time="0.000" /><testcase classname="Lab6_Github_Actions.test.test_unittest.TestAdd" name="test_floats" time="0.001" /><testcase classname="Lab6_Github_Actions.test.test_unittest.TestAdd" name="test_large_numbers" time="0.001" /><testcase classname="Lab6_Github_Actions.test.test_unittest.TestAdd" name="test_mixed_sign" time="0.001" /><testcase classname="Lab6_Github_Actions.test.test_unittest.TestAdd" name="test_negatives" time="0.001" /><testcase classname="Lab6_Github_Actions.test.test_unittest.TestAdd" name="test_one_zero" time="0.001" /><testcase classname="Lab6_Github_Actions.test.test_unittest.TestAdd" name="test_positive" time="0.001" /><testcase classname="Lab6_Github_Actions.test.test_unittest.TestAdd" name="test_zeros" time="0.001" /><testcase classname="Lab6_Github_Actions.test.test_unittest.TestSubtract" name="test_floats" time="0.001" /><testcase classname="Lab6_Github_Actions.test.test_unittest.TestSubtract" name="test_negatives" time="0.000" /><testcase classname="Lab6_Github_Actions.test.test_unittest.TestSubtract" name="test_positive" time="0.000" /><testcase classname="Lab6_Github_Actions.test.test_unittest.TestSubtract" name="test_result_negative" time="0.001" /><testcase classname="Lab6_Github_Actions.test.test_unittest.TestSubtract" name="test_same_value" time="0.001" /><testcase classname="Lab6_Github_Actions.test.test_unittest.TestSubtract" name="test_zeros" time="0.001" /><testcase classname="Lab6_Github_Actions.test.test_unittest.TestMultiply" name="test_both_zeros" time="0.001" /><testcase classname="Lab6_Github_Actions.test.test_unittest.TestMultiply" name="test_by_one" time="0.001" /><testcase classname="Lab6_Github_Actions.test.test_unittest.TestMultiply" name="test_floats" time="0.001" /><testcase classname="Lab6_Github_Actions.test.test_unittest.TestMultiply" name="test_mixed_sign" time="0.000" /><testcase classname="Lab6_Github_Actions.test.test_unittest.TestMultiply" name="test_negatives" time="0.000" /><testcase classname="Lab6_Github_Actions.test.test_unittest.TestMultiply" name="test_positive" time="0.001" /><testcase classname="Lab6_Github_Actions.test.test_unittest.TestMultiply" name="test_zero" time="0.001" /><testcase classname="Lab6_Github_Actions.test.test_unittest.TestCombined" name="test_floats" time="0.001" /><testcase classname="Lab6_Github_Actions.test.test_unittest.TestCombined" name="test_negatives" time="0.001" /><testcase classname="Lab6_Github_Actions.test.test_unittest.TestCombined" name="test_positive" time="0.001" /><testcase classname="Lab6_Github_Actions.test.test_unittest.TestCombined" name="test_zeros" time="0.001" /><testcase classname="Lab6_Github_Actions.test.test_unittest.TestDivide" name="test_both_negatives" time="0.001" /><testcase classname="Lab6_Github_Actions.test.test_unittest.TestDivide" name="test_divide_by_zero" time="0.001" /><testcase classname="Lab6_Github_Actions.test.test_unittest.TestDivide" name="test_floats" time="0.000" /><testcase classname="Lab6_Github_Actions.test.test_unittest.TestDivide" name="test_negative_denominator" time="0.001" /><testcase classname="Lab6_Github_Actions.test.test_unittest.TestDivide" name="test_negative_numerator" time="0.001" /><testcase classname="Lab6_Github_Actions.test.test_unittest.TestDivide" name="test_positive" time="0.001" /><testcase classname="Lab6_Github_Actions.test.test_unittest.TestDivide" name="test_zero_numerator" time="0.001" /></testsuite></testsuites>